<?xml version="1.0" encoding="UTF-8"?>
<testsuite name="OrientationTest" tests="1" skipped="0" failures="0" errors="0" timestamp="2021-12-20T16:35:58" hostname="WERONISIA-DELL" time="0.018">
  <properties/>
  <testcase name="rotationTest()" classname="OrientationTest" time="0.018"/>
  <system-out><![CDATA[]]></system-out>
  <system-err><![CDATA[]]></system-err>
</testsuite>
